\BOOKMARK [0][-]{chapter.1}{Introduction}{}% 1
\BOOKMARK [0][-]{chapter.2}{Gravitational Wave Astronomy in a Nutshell}{}% 2
\BOOKMARK [1][-]{section.2.1}{General Relativity}{chapter.2}% 3
\BOOKMARK [1][-]{section.2.2}{Gravitational waves}{chapter.2}% 4
\BOOKMARK [2][-]{subsection.2.2.1}{Linearised Gravity}{section.2.2}% 5
\BOOKMARK [2][-]{subsection.2.2.2}{Gauge Transformation}{section.2.2}% 6
\BOOKMARK [2][-]{subsection.2.2.3}{Physical Effects of Gravitational Waves}{section.2.2}% 7
\BOOKMARK [1][-]{section.2.3}{Gravitational Waves Sources}{chapter.2}% 8
\BOOKMARK [1][-]{section.2.4}{Gravitational Wave Detectors}{chapter.2}% 9
\BOOKMARK [2][-]{subsection.2.4.1}{How to find something interesting in all that noise}{section.2.4}% 10
\BOOKMARK [0][-]{chapter.3}{Gamma-Ray Bursts}{}% 11
\BOOKMARK [1][-]{section.3.1}{The History of Gamma-ray Burst Astronomy}{chapter.3}% 12
\BOOKMARK [2][-]{subsection.3.1.1}{Cold War Tension and an Unexpected Discovery}{section.3.1}% 13
\BOOKMARK [2][-]{subsection.3.1.2}{BATSE and the Galactic/Extra-galactic Controversy}{section.3.1}% 14
\BOOKMARK [2][-]{subsection.3.1.3}{The Long and Short of Gamma-ray Bursts}{section.3.1}% 15
\BOOKMARK [2][-]{subsection.3.1.4}{BeppoSAX and the First Afterglows}{section.3.1}% 16
\BOOKMARK [2][-]{subsection.3.1.5}{The Fireball Model}{section.3.1}% 17
\BOOKMARK [2][-]{subsection.3.1.6}{Jets}{section.3.1}% 18
\BOOKMARK [2][-]{subsection.3.1.7}{The Long GRB-Supernova Connection}{section.3.1}% 19
\BOOKMARK [2][-]{subsection.3.1.8}{The Short GRB-Compact Binary Connection}{section.3.1}% 20
\BOOKMARK [1][-]{section.3.2}{Gravitational Waves and GRB 170817A}{chapter.3}% 21
\BOOKMARK [2][-]{subsection.3.2.1}{Initial Observation and Followup}{section.3.2}% 22
\BOOKMARK [2][-]{subsection.3.2.2}{Kilonova Observation}{section.3.2}% 23
\BOOKMARK [2][-]{subsection.3.2.3}{Structured Jets}{section.3.2}% 24
\BOOKMARK [2][-]{subsection.3.2.4}{Other Scientific Results}{section.3.2}% 25
\BOOKMARK [1][-]{section.3.3}{GRB Progenitors}{chapter.3}% 26
\BOOKMARK [2][-]{subsection.3.3.1}{Compact Binary Coalescence}{section.3.3}% 27
\BOOKMARK [2][-]{subsection.3.3.2}{Core Collapse}{section.3.3}% 28
\BOOKMARK [1][-]{section.3.4}{GRB Detectors}{chapter.3}% 29
\BOOKMARK [2][-]{subsection.3.4.1}{Swift}{section.3.4}% 30
\BOOKMARK [2][-]{subsection.3.4.2}{Fermi}{section.3.4}% 31
\BOOKMARK [2][-]{subsection.3.4.3}{The InterPlanetary Network}{section.3.4}% 32
\BOOKMARK [1][-]{section.3.5}{GRB Gravitational Wave Search Strategies}{chapter.3}% 33
\BOOKMARK [2][-]{subsection.3.5.1}{Triggered and Untriggered Searches}{section.3.5}% 34
\BOOKMARK [2][-]{subsection.3.5.2}{Modeled and Burst Searches}{section.3.5}% 35
\BOOKMARK [1][-]{section.3.6}{GRB Astrophysics with Gravitational Waves}{chapter.3}% 36
\BOOKMARK [0][-]{chapter.4}{A Targeted Search for Gravitational Waves associated with Short GRBs}{}% 37
\BOOKMARK [1][-]{section.4.1}{Introduction}{chapter.4}% 38
\BOOKMARK [1][-]{section.4.2}{PyCBC overview}{chapter.4}% 39
\BOOKMARK [2][-]{subsection.4.2.1}{Matched Filter Search}{section.4.2}% 40
\BOOKMARK [2][-]{subsection.4.2.2}{Consistency Checks}{section.4.2}% 41
\BOOKMARK [2][-]{subsection.4.2.3}{PyCBC Results}{section.4.2}% 42
\BOOKMARK [1][-]{section.4.3}{PyGRB}{chapter.4}% 43
\BOOKMARK [2][-]{subsection.4.3.1}{A Coherent Search for Coalescing Binary Systems}{section.4.3}% 44
\BOOKMARK [2][-]{subsection.4.3.2}{Binary Coalescence Waveform}{section.4.3}% 45
\BOOKMARK [2][-]{subsection.4.3.3}{Coherent SNR}{section.4.3}% 46
\BOOKMARK [2][-]{subsection.4.3.4}{Comparison to Coincident Search}{section.4.3}% 47
\BOOKMARK [2][-]{subsection.4.3.5}{Null SNR}{section.4.3}% 48
\BOOKMARK [2][-]{subsection.4.3.6}{Coherent 2 Tests}{section.4.3}% 49
\BOOKMARK [2][-]{subsection.4.3.7}{Removing Noise}{section.4.3}% 50
\BOOKMARK [2][-]{subsection.4.3.8}{Reweighted SNR}{section.4.3}% 51
\BOOKMARK [2][-]{subsection.4.3.9}{Searching for Face on Signals}{section.4.3}% 52
\BOOKMARK [2][-]{subsection.4.3.10}{Searching over a Sky Patch}{section.4.3}% 53
\BOOKMARK [2][-]{subsection.4.3.11}{Event Significance}{section.4.3}% 54
\BOOKMARK [2][-]{subsection.4.3.12}{Calculating Search Sensitivity}{section.4.3}% 55
\BOOKMARK [2][-]{subsection.4.3.13}{The PyGRB Workflow}{section.4.3}% 56
\BOOKMARK [1][-]{section.4.4}{O2 PyGRB Search}{chapter.4}% 57
\BOOKMARK [2][-]{subsection.4.4.1}{GRB sample}{section.4.4}% 58
\BOOKMARK [2][-]{subsection.4.4.2}{Results}{section.4.4}% 59
\BOOKMARK [0][-]{chapter.5}{Improvements to PyGRB}{}% 60
\BOOKMARK [1][-]{section.5.1}{Reasons to Rewrite the Pipeline}{chapter.5}% 61
\BOOKMARK [1][-]{section.5.2}{New Code Changes}{chapter.5}% 62
\BOOKMARK [2][-]{subsection.5.2.1}{Consistency Checks}{section.5.2}% 63
\BOOKMARK [2][-]{subsection.5.2.2}{New Data Analysis Tools}{section.5.2}% 64
\BOOKMARK [2][-]{subsection.5.2.3}{Detection Statistic}{section.5.2}% 65
\BOOKMARK [2][-]{subsection.5.2.4}{Speed Gains}{section.5.2}% 66
\BOOKMARK [1][-]{section.5.3}{Future Plans}{chapter.5}% 67
\BOOKMARK [0][-]{chapter.6}{Machine Learning for GW Astronomy}{}% 68
\BOOKMARK [1][-]{section.6.1}{Introduction}{chapter.6}% 69
\BOOKMARK [1][-]{section.6.2}{Xpipeline}{chapter.6}% 70
\BOOKMARK [2][-]{subsection.6.2.1}{Burst Search Background}{section.6.2}% 71
\BOOKMARK [2][-]{subsection.6.2.2}{Standard Likelihood}{section.6.2}% 72
\BOOKMARK [2][-]{subsection.6.2.3}{Null Energy}{section.6.2}% 73
\BOOKMARK [2][-]{subsection.6.2.4}{Incoherent Energy and Background Rejection}{section.6.2}% 74
\BOOKMARK [1][-]{section.6.3}{Machine Learning}{chapter.6}% 75
\BOOKMARK [2][-]{subsection.6.3.1}{Supervised Machine Learning}{section.6.3}% 76
\BOOKMARK [2][-]{subsection.6.3.2}{Boosted Decision Trees}{section.6.3}% 77
\BOOKMARK [2][-]{subsection.6.3.3}{Data Preprocessing}{section.6.3}% 78
\BOOKMARK [2][-]{subsection.6.3.4}{Optimisation and Validation}{section.6.3}% 79
\BOOKMARK [1][-]{section.6.4}{Effectiveness of XTMVA}{chapter.6}% 80
\BOOKMARK [2][-]{subsection.6.4.1}{Comparison to Xpipeline}{section.6.4}% 81
\BOOKMARK [2][-]{subsection.6.4.2}{Unsolved Problems}{section.6.4}% 82
\BOOKMARK [2][-]{subsection.6.4.3}{Future Work}{section.6.4}% 83
